200
6124
1
gibh-gbce 4034
6060
1
gbce-gaga 4034
1317
1
gaga-bdbh 4034
229
1
bdbh-ccj 4034
7256
1
ccj-hcfg 4034
583
1
hcfg-fid 4034
117
1
fid-bbh 4034
3770
1
bbh-dhha 4034
2985
1
dhha-cjif 4034
2935
1
cjif-cjdf 4034
54
1
cjdf-fe 4034
519
1
fe-fbj 4034
5805
1
fbj-fiaf 4034
2594
1
fiaf-cfje 4034
1501
1
cfje-bfab 4034
245
1
bfab-cef 4034
685
1
cef-gif 4034
11
1
gif-bb 4034
2104
1
bb-cbae 4034
3558
1
cbae-dffi 4034
147
1
dffi-beh 4034
2939
1
beh-cjdj 4034
114
1
cjdj-bbe 4034
225
1
bbe-ccf 4034
3421
1
ccf-decb 4034
5260
1
decb-fcga 4034
7554
1
fcga-hffe 4034
7639
1
hffe-hgdj 4034
297
1
hgdj-cjh 4034
497
1
cjh-ejh 4034
6839
1
ejh-gidj 4034
6462
1
gidj-gegc 4034
3231
1
gegc-dcdb 4034
7582
1
dcdb-hfic 4034
897
1
hfic-ijh 4034
4585
1
ijh-efif 4034
7503
1
efif-hfad 4034
1731
1
hfad-bhdb 4034
515
1
bhdb-fbf 4034
1389
1
fbf-bdij 4034
1559
1
bdij-bffj 4034
272
1
bffj-chc 4034
502
1
chc-fac 4034
56
1
fac-fg 4034
2266
1
fg-ccgg 4034
105
1
ccgg-baf 4034
5075
1
baf-fahf 4034
7395
1
fahf-hdjf 4034
652
1
hdjf-gfc 4034
2298
1
gfc-ccji 4034
121
1
ccji-bcb 4034
1441
1
bcb-beeb 4034
6829
1
beeb-gicj 4034
2802
1
gicj-ciac 4034
45
1
ciac-ef 4034
5060
1
ef-faga 4034
643
1
faga-ged 4034
275
1
ged-chf 4034
13
1
chf-bd 4034
1028
1
bd-baci 4034
27
1
baci-ch 4034
856
1
ch-ifg 4034
306
1
ifg-dag 4034
1212
1
dag-bcbc 4034
1505
1
bcbc-bfaf 4034
136
1
bfaf-bdg 4034
6
1
bdg-g 4034
1022
1
g-bacc 4034
4580
1
bacc-efia 4034
32
1
efia-dc 4034
337
1
dc-ddh 4034
656
1
ddh-gfg 4034
791
1
gfg-hjb 4034
667
1
hjb-ggh 4034
5622
1
ggh-fgcc 4034
2224
1
fgcc-ccce 4034
6360
1
ccce-gdga 4034
3548
1
gdga-dfei 4034
2768
1
dfei-chgi 4034
47
1
chgi-eh 4034
3193
1
eh-dbjd 4034
2417
1
dbjd-cebh 4034
108
1
cebh-bai 4034
4844
1
bai-eiee 4034
418
1
eiee-ebi 4034
7460
1
ebi-hega 4034
1239
1
hega-bcdj 4034
7984
1
bcdj-hjie 4034
4157
1
hjie-ebfh 4034
4475
1
ebfh-eehf 4034
6690
1
eehf-ggja 4034
1365
1
ggja-bdgf 4034
4682
1
bdgf-egic 4034
1068
1
egic-bagi 4034
5361
1
bagi-fdgb 4034
1730
1
fdgb-bhda 4034
2592
1
bhda-cfjc 4034
4432
1
cfjc-eedc 4034
310
1
eedc-dba 4034
6805
1
dba-giaf 4034
1990
1
giaf-bjja 4034
927
1
bjja-jch 4034
7181
1
jch-hbib 4034
1785
1
hbib-bhif 4034
7800
1
bhif-hiaa 4034
50
1
hiaa-fa 4034
2453
1
fa-cefd 4034
582
1
cefd-fic 4034
5284
1
fic-fcie 4034
6070
1
fcie-gaha 4034
903
1
gaha-jad 4034
6609
1
jad-ggaj 4034
551
1
ggaj-ffb 4034
171
1
ffb-bhb 4034
2727
1
bhb-chch 4034
1728
1
chch-bhci 4034
7707
1
bhci-hhah 4034
20
1
hhah-ca 4034
987
1
ca-jih 4034
68
1
jih-gi 4034
5807
1
gi-fiah 4034
2202
1
fiah-ccac 4034
190
1
ccac-bja 4034
1634
1
bja-bgde 4034
6925
1
bgde-gjcf 4034
7478
1
gjcf-hehi 4034
149
1
hehi-bej 4034
5971
1
bej-fjhb 4034
6552
1
fjhb-gffc 4034
3458
1
gffc-defi 4034
169
1
defi-bgj 4034
1628
1
bgj-bgci 4034
7076
1
bgci-hahg 4034
4554
1
hahg-effe 4034
1822
1
effe-bicc 4034
6502
1
bicc-gfac 4034
3081
1
gfac-daib 4034
2783
1
daib-chid 4034
975
1
chid-jhf 4034
1264
1
jhf-bcge 4034
5597
1
bcge-ffjh 4034
760
1
ffjh-hga 4034
6075
1
hga-gahf 4034
5515
1
gahf-ffbf 4034
523
1
ffbf-fcd 4034
2754
1
fcd-chfe 4034
847
1
chfe-ieh 4034
4591
1
ieh-efjb 4034
6798
1
efjb-ghji 4034
17
1
ghji-bh 4034
5949
1
bh-fjej 4034
5143
1
fjej-fbed 4034
366
1
fbed-dgg 4034
342
1
dgg-dec 4034
1602
1
dec-bgac 4034
2357
1
bgac-cdfh 4034
4269
1
cdfh-ecgj 4034
1322
1
ecgj-bdcc 4034
1791
1
bdcc-bhjb 4034
1991
1
bhjb-bjjb 4034
1351
1
bjjb-bdfb 4034
159
1
bdfb-bfj 4034
48
1
bfj-ei 4034
1074
1
ei-bahe 4034
4945
1
bahe-ejef 4034
1968
1
ejef-bjgi 4034
4596
1
bjgi-efjg 4034
2005
1
efjg-caaf 4034
2787
1
caaf-chih 4034
5766
1
chih-fhgg 4034
2007
1
fhgg-caah 4034
182
1
caah-bic 4034
1120
1
bic-bbca 4034
384
1
bbca-die 4034
1431
1
die-bedb 4034
5309
1
bedb-fdaj 4034
1117
1
fdaj-bbbh 4034
4459
1
bbbh-eefj 4034
6643
1
eefj-gged 4034
1178
1
gged-bbhi 4034
224
1
bbhi-cce 4034
1697
1
cce-bgjh 4034
4836
1
bgjh-eidg 4034
1453
1
eidg-befd 4034
363
1
befd-dgd 4034
939
1
dgd-jdj 4034
3155
1
jdj-dbff 4034
5048
1
dbff-faei 4034
742
1
faei-hec 4034
33
1
hec-dd 4034
2617
1
dd-cgbh 4034
2261
1
cgbh-ccgb 4034
7332
1
ccgb-hddc 4034
9
1
hddc-j 4034
2747
1
j-cheh 4034
4096
1
cheh-eajg 4034
2160
1
eajg-cbga 4034
5930
1
cbga-fjda 4034
451
1
fjda-efb 4034
111
1
efb-bbb 4034
