800
6124
1
gibh-gbce 1007
6060
1
gbce-gaga 1007
1317
1
gaga-bdbh 1007
229
1
bdbh-ccj 1007
7256
1
ccj-hcfg 1007
583
1
hcfg-fid 1007
117
1
fid-bbh 1007
3770
1
bbh-dhha 1007
2985
1
dhha-cjif 1007
2935
1
cjif-cjdf 1007
54
1
cjdf-fe 1007
519
1
fe-fbj 1007
5805
1
fbj-fiaf 1007
2594
1
fiaf-cfje 1007
1501
1
cfje-bfab 1007
245
1
bfab-cef 1007
685
1
cef-gif 1007
11
1
gif-bb 1007
2104
1
bb-cbae 1007
3558
1
cbae-dffi 1007
147
1
dffi-beh 1007
2939
1
beh-cjdj 1007
114
1
cjdj-bbe 1007
225
1
bbe-ccf 1007
3421
1
ccf-decb 1007
5260
1
decb-fcga 1007
7554
1
fcga-hffe 1007
7639
1
hffe-hgdj 1007
297
1
hgdj-cjh 1007
497
1
cjh-ejh 1007
6839
1
ejh-gidj 1007
6462
1
gidj-gegc 1007
3231
1
gegc-dcdb 1007
7582
1
dcdb-hfic 1007
897
1
hfic-ijh 1007
4585
1
ijh-efif 1007
7503
1
efif-hfad 1007
1731
1
hfad-bhdb 1007
515
1
bhdb-fbf 1007
1389
1
fbf-bdij 1007
1559
1
bdij-bffj 1007
272
1
bffj-chc 1007
502
1
chc-fac 1007
56
1
fac-fg 1007
2266
1
fg-ccgg 1007
105
1
ccgg-baf 1007
5075
1
baf-fahf 1007
7395
1
fahf-hdjf 1007
652
1
hdjf-gfc 1007
2298
1
gfc-ccji 1007
121
1
ccji-bcb 1007
1441
1
bcb-beeb 1007
6829
1
beeb-gicj 1007
2802
1
gicj-ciac 1007
45
1
ciac-ef 1007
5060
1
ef-faga 1007
643
1
faga-ged 1007
275
1
ged-chf 1007
13
1
chf-bd 1007
1028
1
bd-baci 1007
27
1
baci-ch 1007
856
1
ch-ifg 1007
306
1
ifg-dag 1007
1212
1
dag-bcbc 1007
1505
1
bcbc-bfaf 1007
136
1
bfaf-bdg 1007
6
1
bdg-g 1007
1022
1
g-bacc 1007
4580
1
bacc-efia 1007
32
1
efia-dc 1007
337
1
dc-ddh 1007
656
1
ddh-gfg 1007
791
1
gfg-hjb 1007
667
1
hjb-ggh 1007
5622
1
ggh-fgcc 1007
2224
1
fgcc-ccce 1007
6360
1
ccce-gdga 1007
3548
1
gdga-dfei 1007
2768
1
dfei-chgi 1007
47
1
chgi-eh 1007
3193
1
eh-dbjd 1007
2417
1
dbjd-cebh 1007
108
1
cebh-bai 1007
4844
1
bai-eiee 1007
418
1
eiee-ebi 1007
7460
1
ebi-hega 1007
1239
1
hega-bcdj 1007
7984
1
bcdj-hjie 1007
4157
1
hjie-ebfh 1007
4475
1
ebfh-eehf 1007
6690
1
eehf-ggja 1007
1365
1
ggja-bdgf 1007
4682
1
bdgf-egic 1007
1068
1
egic-bagi 1007
5361
1
bagi-fdgb 1007
1730
1
fdgb-bhda 1007
2592
1
bhda-cfjc 1007
4432
1
cfjc-eedc 1007
310
1
eedc-dba 1007
6805
1
dba-giaf 1007
1990
1
giaf-bjja 1007
927
1
bjja-jch 1007
7181
1
jch-hbib 1007
1785
1
hbib-bhif 1007
7800
1
bhif-hiaa 1007
50
1
hiaa-fa 1007
2453
1
fa-cefd 1007
582
1
cefd-fic 1007
5284
1
fic-fcie 1007
6070
1
fcie-gaha 1007
903
1
gaha-jad 1007
6609
1
jad-ggaj 1007
551
1
ggaj-ffb 1007
171
1
ffb-bhb 1007
2727
1
bhb-chch 1007
1728
1
chch-bhci 1007
7707
1
bhci-hhah 1007
20
1
hhah-ca 1007
987
1
ca-jih 1007
68
1
jih-gi 1007
5807
1
gi-fiah 1007
2202
1
fiah-ccac 1007
190
1
ccac-bja 1007
1634
1
bja-bgde 1007
6925
1
bgde-gjcf 1007
7478
1
gjcf-hehi 1007
149
1
hehi-bej 1007
5971
1
bej-fjhb 1007
6552
1
fjhb-gffc 1007
3458
1
gffc-defi 1007
169
1
defi-bgj 1007
1628
1
bgj-bgci 1007
7076
1
bgci-hahg 1007
4554
1
hahg-effe 1007
1822
1
effe-bicc 1007
6502
1
bicc-gfac 1007
3081
1
gfac-daib 1007
2783
1
daib-chid 1007
975
1
chid-jhf 1007
1264
1
jhf-bcge 1007
5597
1
bcge-ffjh 1007
760
1
ffjh-hga 1007
6075
1
hga-gahf 1007
5515
1
gahf-ffbf 1007
523
1
ffbf-fcd 1007
2754
1
fcd-chfe 1007
847
1
chfe-ieh 1007
4591
1
ieh-efjb 1007
6798
1
efjb-ghji 1007
17
1
ghji-bh 1007
5949
1
bh-fjej 1007
5143
1
fjej-fbed 1007
366
1
fbed-dgg 1007
342
1
dgg-dec 1007
1602
1
dec-bgac 1007
2357
1
bgac-cdfh 1007
4269
1
cdfh-ecgj 1007
1322
1
ecgj-bdcc 1007
1791
1
bdcc-bhjb 1007
1991
1
bhjb-bjjb 1007
1351
1
bjjb-bdfb 1007
159
1
bdfb-bfj 1007
48
1
bfj-ei 1007
1074
1
ei-bahe 1007
4945
1
bahe-ejef 1007
1968
1
ejef-bjgi 1007
4596
1
bjgi-efjg 1007
2005
1
efjg-caaf 1007
2787
1
caaf-chih 1007
5766
1
chih-fhgg 1007
2007
1
fhgg-caah 1007
182
1
caah-bic 1007
1120
1
bic-bbca 1007
384
1
bbca-die 1007
1431
1
die-bedb 1007
5309
1
bedb-fdaj 1007
1117
1
fdaj-bbbh 1007
4459
1
bbbh-eefj 1007
6643
1
eefj-gged 1007
1178
1
gged-bbhi 1007
224
1
bbhi-cce 1007
1697
1
cce-bgjh 1007
4836
1
bgjh-eidg 1007
1453
1
eidg-befd 1007
363
1
befd-dgd 1007
939
1
dgd-jdj 1007
3155
1
jdj-dbff 1007
5048
1
dbff-faei 1007
742
1
faei-hec 1007
33
1
hec-dd 1007
2617
1
dd-cgbh 1007
2261
1
cgbh-ccgb 1007
7332
1
ccgb-hddc 1007
9
1
hddc-j 1007
2747
1
j-cheh 1007
4096
1
cheh-eajg 1007
2160
1
eajg-cbga 1007
5930
1
cbga-fjda 1007
451
1
fjda-efb 1007
111
1
efb-bbb 1007
25
1
ghfa-cf 1007
4359
1
cf-edfj 1007
5447
1
edfj-feeh 1007
7783
1
feeh-hhid 1007
5967
1
hhid-fjgh 1007
680
1
fjgh-gia 1007
4591
1
gia-efjb 1007
1589
1
efjb-bfij 1007
127
1
bfij-bch 1007
7679
1
bch-hghj 1007
5401
1
hghj-feab 1007
6873
1
feab-gihd 1007
5923
1
gihd-fjcd 1007
408
1
fjcd-eai 1007
3038
1
eai-dadi 1007
6635
1
dadi-ggdf 1007
3014
1
ggdf-dabe 1007
3884
1
dabe-diie 1007
72
1
diie-hc 1007
2876
1
hc-cihg 1007
198
1
cihg-bji 1007
901
1
bji-jab 1007
4210
1
jab-ecba 1007
235
1
ecba-cdf 1007
5819
1
cdf-fibj 1007
6072
1
fibj-gahc 1007
7859
1
gahc-hifj 1007
7384
1
hifj-hdie 1007
271
1
hdie-chb 1007
771
1
chb-hhb 1007
6648
1
hhb-ggei 1007
4822
1
ggei-eicc 1007
3919
1
eicc-djbj 1007
45
1
djbj-ef 1007
1156
1
ef-bbfg 1007
1974
1
bbfg-bjhe 1007
4703
1
bjhe-ehad 1007
6438
1
ehad-gedi 1007
7352
1
gedi-hdfc 1007
569
1
hdfc-fgj 1007
1129
1
fgj-bbcj 1007
57
1
bbcj-fh 1007
6638
1
fh-ggdi 1007
808
1
ggdi-iai 1007
5715
1
iai-fhbf 1007
296
1
fhbf-cjg 1007
4733
1
cjg-ehdd 1007
3491
1
ehdd-dejb 1007
5996
1
dejb-fjjg 1007
1945
1
fjjg-bjef 1007
227
1
bjef-cch 1007
2028
1
cch-caci 1007
6133
1
caci-gbdd 1007
2093
1
gbdd-cajd 1007
1618
1
cajd-bgbi 1007
313
1
bgbi-dbd 1007
6945
1
dbd-gjef 1007
1196
1
gjef-bbjg 1007
1333
1
bbjg-bddd 1007
804
1
bddd-iae 1007
18
1
iae-bi 1007
7590
1
bi-hfja 1007
785
1
hfja-hif 1007
7371
1
hif-hdhb 1007
3474
1
hdhb-dehe 1007
3032
1
dehe-dadc 1007
7599
1
dadc-hfjj 1007
1239
1
hfjj-bcdj 1007
4319
1
bcdj-edbj 1007
3502
1
edbj-dfac 1007
32
1
dfac-dc 1007
489
1
dc-eij 1007
4974
1
eij-ejhe 1007
4057
1
ejhe-eafh 1007
4185
1
eafh-ebif 1007
1480
1
ebif-beia 1007
3209
1
beia-dcaj 1007
7617
1
dcaj-hgbh 1007
1458
1
hgbh-befi 1007
471
1
befi-ehb 1007
2489
1
ehb-ceij 1007
6352
1
ceij-gdfc 1007
155
1
gdfc-bff 1007
1690
1
bff-bgja 1007
4428
1
bgja-eeci 1007
4183
1
eeci-ebid 1007
2418
1
ebid-cebi 1007
1
1
cebi-b 1007
5506
1
b-ffag 1007
1350
1
ffag-bdfa 1007
2031
1
bdfa-cadb 1007
2880
1
cadb-ciia 1007
5220
1
ciia-fcca 1007
6389
1
fcca-gdij 1007
162
1
gdij-bgc 1007
121
1
bgc-bcb 1007
4325
1
bcb-edcf 1007
105
1
edcf-baf 1007
6481
1
baf-geib 1007
1191
1
geib-bbjb 1007
564
1
bbjb-fge 1007
2552
1
fge-cffc 1007
1200
1
cffc-bcaa 1007
5736
1
bcaa-fhdg 1007
2861
1
fhdg-cigb 1007
4122
1
cigb-ebcc 1007
24
1
ebcc-ce 1007
6878
1
ce-gihi 1007
4819
1
gihi-eibj 1007
979
1
eibj-jhj 1007
774
1
jhj-hhe 1007
2785
1
hhe-chif 1007
29
1
chif-cj 1007
4357
1
cj-edfh 1007
1173
1
edfh-bbhd 1007
5271
1
bbhd-fchb 1007
779
1
fchb-hhj 1007
1222
1
hhj-bccc 1007
6917
1
bccc-gjbh 1007
7296
1
gjbh-hcjg 1007
502
1
hcjg-fac 1007
6819
1
fac-gibj 1007
2024
1
gibj-cace 1007
6728
1
cace-ghci 1007
6892
1
ghci-gijc 1007
102
1
gijc-bac 1007
4749
1
bac-ehej 1007
7887
1
ehej-hiih 1007
3565
1
hiih-dfgf 1007
5480
1
dfgf-feia 1007
1161
1
feia-bbgb 1007
4279
1
bbgb-echj 1007
6270
1
echj-gcha 1007
314
1
gcha-dbe 1007
715
1
dbe-hbf 1007
4828
1
hbf-eici 1007
114
1
eici-bbe 1007
1640
1
bbe-bgea 1007
2665
1
bgea-cggf 1007
1775
1
cggf-bhhf 1007
1421
1
bhhf-becb 1007
4012
1
becb-eabc 1007
2770
1
eabc-chha 1007
3206
1
chha-dcag 1007
4241
1
dcag-eceb 1007
4168
1
eceb-ebgi 1007
76
1
ebgi-hg 1007
3547
1
hg-dfeh 1007
87
1
dfeh-ih 1007
3423
1
ih-decd 1007
211
1
decd-cbb 1007
1166
1
cbb-bbgg 1007
3351
1
bbgg-ddfb 1007
421
1
ddfb-ecb 1007
687
1
ecb-gih 1007
2868
1
gih-cigi 1007
339
1
cigi-ddj 1007
2096
1
ddj-cajg 1007
278
1
cajg-chi 1007
2942
1
chi-cjec 1007
2201
1
cjec-ccab 1007
4141
1
ccab-ebeb 1007
20
1
ebeb-ca 1007
1120
1
ca-bbca 1007
4396
1
bbca-edjg 1007
347
1
edjg-deh 1007
265
1
deh-cgf 1007
4959
1
cgf-ejfj 1007
634
1
ejfj-gde 1007
48
1
gde-ei 1007
3588
1
ei-dfii 1007
915
1
dfii-jbf 1007
4832
1
jbf-eidc 1007
179
1
eidc-bhj 1007
5286
1
bhj-fcig 1007
458
1
fcig-efi 1007
4756
1
efi-ehfg 1007
7580
1
ehfg-hfia 1007
417
1
hfia-ebh 1007
1369
1
ebh-bdgj 1007
4949
1
bdgj-ejej 1007
2203
1
ejej-ccad 1007
2135
1
ccad-cbdf 1007
1875
1
cbdf-bihf 1007
54
1
bihf-fe 1007
1541
1
fe-bfeb 1007
3288
1
bfeb-dcii 1007
2894
1
dcii-cije 1007
2691
1
cije-cgjb 1007
6890
1
cgjb-gija 1007
331
1
gija-ddb 1007
2545
1
ddb-cfef 1007
328
1
cfef-dci 1007
3082
1
dci-daic 1007
3270
1
daic-dcha 1007
7161
1
dcha-hbgb 1007
1379
1
hbgb-bdhj 1007
426
1
bdhj-ecg 1007
967
1
ecg-jgh 1007
1761
1
jgh-bhgb 1007
3688
1
gdhd-dgii 1007
3454
1
dgii-defe 1007
1071
1
defe-bahb 1007
7234
1
bahb-hcde 1007
2547
1
hcde-cfeh 1007
807
1
cfeh-iah 1007
3900
1
iah-djaa 1007
1703
1
djaa-bhad 1007
2200
1
bhad-ccaa 1007
5698
1
ccaa-fgji 1007
5423
1
fgji-fecd 1007
567
1
fecd-fgh 1007
1229
1
fgh-bccj 1007
1325
1
bccj-bdcf 1007
26
1
bdcf-cg 1007
5689
1
cg-fgij 1007
544
1
fgij-fee 1007
2026
1
fee-cacg 1007
149
1
cacg-bej 1007
4780
1
bej-ehia 1007
962
1
ehia-jgc 1007
7986
1
jgc-hjig 1007
4677
1
hjig-eghh 1007
1986
1
eghh-bjig 1007
1331
1
bjig-bddb 1007
4559
1
bddb-effj 1007
1858
1
effj-bifi 1007
742
1
bifi-hec 1007
6939
1
hec-gjdj 1007
113
1
gjdj-bbd 1007
7247
1
bbd-hceh 1007
6725
1
hceh-ghcf 1007
2721
1
ghcf-chcb 1007
2507
1
chcb-cfah 1007
3356
1
cfah-ddfg 1007
3576
1
ddfg-dfhg 1007
7156
1
dfhg-hbfg 1007
785
1
hbfg-hif 1007
7371
1
hif-hdhb 1007
4255
1
hdhb-ecff 1007
5994
1
ecff-fjje 1007
172
1
fjje-bhc 1007
2831
1
bhc-cidb 1007
2456
1
cidb-cefg 1007
54
1
cefg-fe 1007
1817
1
fe-bibh 1007
45
1
bibh-ef 1007
1222
1
ef-bccc 1007
6917
1
bccc-gjbh 1007
230
1
gjbh-cda 1007
7376
1
cda-hdhg 1007
452
1
hdhg-efc 1007
3507
1
efc-dfah 1007
3050
1
dfah-dafa 1007
609
1
dafa-gaj 1007
936
1
gaj-jdg 1007
1145
1
jdg-bbef 1007
63
1
bbef-gd 1007
808
1
gd-iai 1007
342
1
iai-dec 1007
6499
1
dec-gejj 1007
4480
1
gejj-eeia 1007
7768
1
eeia-hhgi 1007
7249
1
hhgi-hcej 1007
479
1
hcej-ehj 1007
1119
1
ehj-bbbj 1007
32
1
bbbj-dc 1007
7707
1
dc-hhah 1007
1728
1
hhah-bhci 1007
1529
1
bhci-bfcj 1007
8
1
bfcj-i 1007
3943
1
i-djed 1007
12
1
djed-bc 1007
3588
1
bc-dfii 1007
1556
1
dfii-bffg 1007
1812
1
bffg-bibc 1007
369
1
bibc-dgj 1007
181
1
dgj-bib 1007
98
1
bib-ji 1007
367
1
ji-dgh 1007
6820
1
dgh-gica 1007
638
1
gica-gdi 1007
3440
1
gdi-deea 1007
118
1
deea-bbi 1007
7589
1
bbi-hfij 1007
2
1
hfij-c 1007
3483
1
c-deid 1007
6868
1
deid-gigi 1007
49
1
gigi-ej 1007
6729
1
ej-ghcj 1007
2617
1
ghcj-cgbh 1007
1340
1
cgbh-bdea 1007
93
1
bdea-jd 1007
4171
1
jd-ebhb 1007
7836
1
ebhb-hidg 1007
641
1
hidg-geb 1007
5686
1
geb-fgig 1007
6926
1
fgig-gjcg 1007
383
1
gjcg-did 1007
331
1
did-ddb 1007
2002
1
ddb-caac 1007
5084
1
caac-faie 1007
3799
1
faie-dhjj 1007
7628
1
dhjj-hgci 1007
355
1
hgci-dff 1007
3149
1
dff-dbej 1007
867
1
dbej-igh 1007
404
1
igh-eae 1007
581
1
eae-fib 1007
451
1
fib-efb 1007
7697
1
efb-hgjh 1007
4139
1
hgjh-ebdj 1007
640
1
ebdj-gea 1007
291
1
gea-cjb 1007
1492
1
cjb-bejc 1007
2285
1
bejc-ccif 1007
7177
1
ccif-hbhh 1007
6381
1
hbhh-gdib 1007
5177
1
gdib-fbhh 1007
5293
1
fbhh-fcjd 1007
2900
1
fcjd-cjaa 1007
6626
1
cjaa-ggcg 1007
117
1
ggcg-bbh 1007
7444
1
bbh-heee 1007
3949
1
heee-djej 1007
1084
1
djej-baie 1007
2256
1
baie-ccfg 1007
5741
1
ccfg-fheb 1007
19
1
fheb-bj 1007
3640
1
bj-dgea 1007
5063
1
dgea-fagd 1007
345
1
fagd-def 1007
3557
1
def-dffh 1007
4252
1
dffh-ecfc 1007
319
1
ecfc-dbj 1007
551
1
dbj-ffb 1007
5352
1
ffb-fdfc 1007
38
1
fdfc-di 1007
4130
1
di-ebda 1007
6553
1
ebda-gffd 1007
31
1
gffd-db 1007
359
1
db-dfj 1007
4735
1
dfj-ehdf 1007
22
1
ehdf-cc 1007
2929
1
cc-cjcj 1007
138
1
cjcj-bdi 1007
6136
1
bdi-gbdg 1007
65
1
gbdg-gf 1007
87
1
gf-ih 1007
61
1
ih-gb 1007
7566
1
gb-hfgg 1007
2941
1
hfgg-cjeb 1007
528
1
cjeb-fci 1007
1111
1
fci-bbbb 1007
9
1
bbbb-j 1007
3954
1
j-djfe 1007
25
1
djfe-cf 1007
2763
1
cf-chgd 1007
3946
1
chgd-djeg 1007
7733
1
djeg-hhdd 1007
423
1
hhdd-ecd 1007
6
1
ecd-g 1007
532
1
g-fdc 1007
4834
1
fdc-eide 1007
306
1
eide-dag 1007
179
1
dag-bhj 1007
2668
1
bhj-cggi 1007
4830
1
cggi-eida 1007
496
1
eida-ejg 1007
7856
1
ejg-hifg 1007
928
1
hifg-jci 1007
2724
1
jci-chce 1007
840
1
chce-iea 1007
1859
1
iea-bifj 1007
2437
1
bifj-cedh 1007
554
1
cedh-ffe 1007
201
1
ffe-cab 1007
112
1
cab-bbc 1007
6669
1
bbc-gggj 1007
1698
1
gggj-bgji 1007
4230
1
bgji-ecda 1007
4443
1
ecda-eeed 1007
4894
1
eeed-eije 1007
4721
1
eije-ehcb 1007
1592
1
ehcb-bfjc 1007
1964
1
bfjc-bjge 1007
471
1
bjge-ehb 1007
1250
1
ehb-bcfa 1007
6507
1
bcfa-gfah 1007
7198
1
gfah-hbji 1007
1204
1
hbji-bcae 1007
1785
1
bcae-bhif 1007
2768
1
bhif-chgi 1007
47
1
chgi-eh 1007
4809
1
eh-eiaj 1007
7221
1
eiaj-hccb 1007
2911
1
hccb-cjbb 1007
2073
1
cjbb-cahd 1007
1908
1
cahd-bjai 1007
50
1
bjai-fa 1007
93
1
gbai-jd 1007
4309
1
jd-edaj 1007
3090
1
edaj-daja 1007
4926
1
daja-ejcg 1007
2258
1
ejcg-ccfi 1007
6
1
ccfi-g 1007
2204
1
g-ccae 1007
5923
1
ccae-fjcd 1007
6909
1
fjcd-gjaj 1007
4372
1
gjaj-edhc 1007
716
1
edhc-hbg 1007
4682
1
hbg-egic 1007
4765
1
egic-ehgf 1007
3405
1
ehgf-deaf 1007
5178
1
deaf-fbhi 1007
4851
1
fbhi-eifb 1007
3545
1
eifb-dfef 1007
6163
1
dfef-gbgd 1007
1166
1
gbgd-bbgg 1007
1500
1
bbgg-bfaa 1007
2037
1
bfaa-cadh 1007
6229
1
cadh-gccj 1007
184
1
gccj-bie 1007
1182
1
bie-bbic 1007
3848
1
bbic-diei 1007
21
1
diei-cb 1007
8
1
cb-i 1007
44
1
i-ee 1007
1745
1
ee-bhef 1007
1392
1
bhef-bdjc 1007
2807
1
bdjc-ciah 1007
446
1
ciah-eeg 1007
4242
1
eeg-ecec 1007
3259
1
ecec-dcfj 1007
5752
1
dcfj-fhfc 1007
1473
1
fhfc-behd 1007
489
1
behd-eij 1007
4974
1
eij-ejhe 1007
3754
1
ejhe-dhfe 1007
168
1
dhfe-bgi 1007
5103
1
bgi-fbad 1007
385
1
fbad-dif 1007
3232
1
dif-dcdc 1007
1819
1
dcdc-bibj 1007
1461
1
bibj-begb 1007
4870
1
begb-eiha 1007
239
1
eiha-cdj 1007
2439
1
cdj-cedj 1007
1220
1
cedj-bcca 1007
7841
1
bcca-hieb 1007
7833
1
hieb-hidd 1007
12
1
hidd-bc 1007
146
1
bc-beg 1007
723
1
beg-hcd 1007
11
1
hcd-bb 1007
2587
1
bb-cfih 1007
588
1
cfih-fii 1007
412
1
fii-ebc 1007
1397
1
ebc-bdjh 1007
2843
1
bdjh-cied 1007
50
1
cied-fa 1007
1263
1
fa-bcgd 1007
5724
1
bcgd-fhce 1007
4440
1
fhce-eeea 1007
1722
1
eeea-bhcc 1007
4885
1
bhcc-eiif 1007
20
1
eiif-ca 1007
72
1
ca-hc 1007
6288
1
hc-gcii 1007
7486
1
gcii-heig 1007
5405
1
heig-feaf 1007
1949
1
feaf-bjej 1007
3227
1
bjej-dcch 1007
135
1
dcch-bdf 1007
26
1
bdf-cg 1007
6944
1
cg-gjee 1007
3208
1
gjee-dcai 1007
773
1
dcai-hhd 1007
64
1
hhd-ge 1007
844
1
ge-iee 1007
5191
1
iee-fbjb 1007
165
1
fbjb-bgf 1007
4645
1
bgf-egef 1007
5720
1
egef-fhca 1007
3902
1
fhca-djac 1007
727
1
djac-hch 1007
6775
1
hch-ghhf 1007
6201
1
ghhf-gcab 1007
6196
1
gcab-gbjg 1007
1095
1
gbjg-bajf 1007
1689
1
bajf-bgij 1007
7015
1
bgij-habf 1007
2659
1
habf-cgfj 1007
2956
1
cgfj-cjfg 1007
3015
1
cjfg-dabf 1007
5800
1
dabf-fiaa 1007
2621
1
fiaa-cgcb 1007
106
1
cgcb-bag 1007
201
1
bag-cab 1007
554
1
cab-ffe 1007
1252
1
ffe-bcfc 1007
733
1
bcfc-hdd 1007
1467
1
hdd-begh 1007
2259
1
begh-ccfj 1007
735
1
ccfj-hdf 1007
3118
1
hdf-dbbi 1007
219
1
dbbi-cbj 1007
1927
1
cbj-bjch 1007
2123
1
bjch-cbcd 1007
3202
1
cbcd-dcac 1007
4119
1
dcac-ebbj 1007
517
1
ebbj-fbh 1007
39
1
fbh-dj 1007
6967
1
dj-gjgh 1007
2169
1
gjgh-cbgj 1007
285
1
cbgj-cif 1007
158
1
cif-bfi 1007
5774
1
bfi-fhhe 1007
29
1
fhhe-cj 1007
6040
1
cj-gaea 1007
2473
1
gaea-cehd 1007
5926
1
cehd-fjcg 1007
112
1
fjcg-bbc 1007
179
1
bbc-bhj 1007
3321
1
bhj-ddcb 1007
304
1
ddcb-dae 1007
1854
1
dae-bife 1007
6039
1
bife-gadj 1007
5469
1
gadj-fegj 1007
2264
1
fegj-ccge 1007
725
1
ccge-hcf 1007
2081
1
hcf-caib 1007
3028
1
caib-daci 1007
6619
1
daci-ggbj 1007
641
1
ggbj-geb 1007
6055
1
geb-gaff 1007
2951
1
gaff-cjfb 1007
4367
1
cjfb-edgh 1007
467
1
edgh-egh 1007
1631
1
egh-bgdb 1007
1222
1
bgdb-bccc 1007
45
1
bccc-ef 1007
638
1
ef-gdi 1007
342
1
gdi-dec 1007
366
1
dec-dgg 1007
5607
1
dgg-fgah 1007
5127
1
fgah-fbch 1007
5319
1
fbch-fdbj 1007
2792
1
fdbj-chjc 1007
3805
1
chjc-diaf 1007
7800
1
diaf-hiaa 1007
1785
1
hiaa-bhif 1007
3011
1
bhif-dabb 1007
6649
1
dabb-ggej 1007
6002
1
ggej-gaac 1007
604
1
gaac-gae 1007
1670
1
gae-bgha 1007
7528
1
bgha-hfci 1007
5636
1
hfci-fgdg 1007
5323
1
fgdg-fdcd 1007
7920
1
fdcd-hjca 1007
918
1
hjca-jbi 1007
2539
1
jbi-cfdj 1007
6313
1
cfdj-gdbd 1007
1818
1
gdbd-bibi 1007
1800
1
bibi-biaa 1007
626
1
biaa-gcg 1007
549
1
gcg-fej 1007
2864
1
fej-cige 1007
2452
1
cige-cefc 1007
113
1
cefc-bbd 1007
3734
1
bbd-dhde 1007
512
1
dhde-fbc 1007
2023
1
fbc-cacd 1007
919
1
cacd-jbj 1007
145
1
jbj-bef 1007
6606
1
bef-ggag 1007
1119
1
ggag-bbbj 1007
4337
1
bbbj-eddh 1007
996
1
eddh-jjg 1007
4672
1
jjg-eghc 1007
5257
1
eghc-fcfh 1007
982
1
fcfh-jic 1007
7050
1
jic-hafa 1007
2871
1
hafa-cihb 1007
3497
1
cihb-dejh 1007
6792
1
dejh-ghjc 1007
809
1
ghjc-iaj 1007
57
1
iaj-fh 1007
398
1
fh-dji 1007
1735
1
dji-bhdf 1007
1177
1
bhdf-bbhh 1007
850
1
bbhh-ifa 1007
2209
1
ifa-ccaj 1007
886
1
ccaj-iig 1007
6479
1
iig-gehj 1007
593
1
gehj-fjd 1007
474
1
fjd-ehe 1007
5556
1
ehe-fffg 1007
570
1
fffg-fha 1007
